Removed Pin From Net: NetName=SEG4 Pin=LED 7-SEG QUAD-1
Removed Pin From Net: NetName=SEG3 Pin=LED 7-SEG QUAD-2
Removed Pin From Net: NetName=SEG2 Pin=LED 7-SEG QUAD-4
Removed Pin From Net: NetName=SEG6 Pin=LED 7-SEG QUAD-5
Removed Pin From Net: NetName=SEG1 Pin=LED 7-SEG QUAD-7
Removed Pin From Net: NetName=SEG5 Pin=LED 7-SEG QUAD-10
Removed Pin From Net: NetName=SEG0 Pin=LED 7-SEG QUAD-11
Change Component Footprint: Designator=LED 7-SEG QUAD Old Footprint=LED/7SEG/0.56/QUAD New Footprint=LED/7SEG/0.36/QUAD
Change Component Designator: OldDesignator=R31 NewDesignator=R33
Change Component Designator: OldDesignator=R33 NewDesignator=R31
Change Component Designator: OldDesignator=R34 NewDesignator=R37
Change Component Designator: OldDesignator=R35 NewDesignator=R38
Change Component Designator: OldDesignator=R36 NewDesignator=R39
Change Component Designator: OldDesignator=R37 NewDesignator=R40
Change Component Designator: OldDesignator=R38 NewDesignator=R41
Change Component Designator: OldDesignator=R39 NewDesignator=R42
Change Component Designator: OldDesignator=R40 NewDesignator=R36
Change Component Designator: OldDesignator=R41 NewDesignator=R35
Change Component Designator: OldDesignator=R42 NewDesignator=R34
Added Component: Designator=R51(R 0805)
Add component. Clean all parameters for all variants
Add component (AddParameter): Name = "BRAND"; Value = ""; VariantName = "[No Variations]"
Add component (AddParameter): Name = "PACKAGE"; Value = ""; VariantName = "[No Variations]"
Add component (AddParameter): Name = "PART NO"; Value = ""; VariantName = "[No Variations]"
Add component (AddParameter): Name = "STOCK CODE"; Value = ""; VariantName = "[No Variations]"
Add component (AddParameter): Name = "SUPPLIER"; Value = ""; VariantName = "[No Variations]"
Add component (AddParameter): Name = "TYPE"; Value = ""; VariantName = "[No Variations]"
Added Component: Designator=R52(R 0805)
Add component. Clean all parameters for all variants
Add component (AddParameter): Name = "BRAND"; Value = ""; VariantName = "[No Variations]"
Add component (AddParameter): Name = "PACKAGE"; Value = ""; VariantName = "[No Variations]"
Add component (AddParameter): Name = "PART NO"; Value = ""; VariantName = "[No Variations]"
Add component (AddParameter): Name = "STOCK CODE"; Value = ""; VariantName = "[No Variations]"
Add component (AddParameter): Name = "SUPPLIER"; Value = ""; VariantName = "[No Variations]"
Add component (AddParameter): Name = "TYPE"; Value = ""; VariantName = "[No Variations]"
Added Component: Designator=R54(R 0805)
Add component. Clean all parameters for all variants
Add component (AddParameter): Name = "BRAND"; Value = ""; VariantName = "[No Variations]"
Add component (AddParameter): Name = "PACKAGE"; Value = ""; VariantName = "[No Variations]"
Add component (AddParameter): Name = "PART NO"; Value = ""; VariantName = "[No Variations]"
Add component (AddParameter): Name = "STOCK CODE"; Value = ""; VariantName = "[No Variations]"
Add component (AddParameter): Name = "SUPPLIER"; Value = ""; VariantName = "[No Variations]"
Add component (AddParameter): Name = "TYPE"; Value = ""; VariantName = "[No Variations]"
Added Component: Designator=R55(R 0805)
Add component. Clean all parameters for all variants
Add component (AddParameter): Name = "BRAND"; Value = ""; VariantName = "[No Variations]"
Add component (AddParameter): Name = "PACKAGE"; Value = ""; VariantName = "[No Variations]"
Add component (AddParameter): Name = "PART NO"; Value = ""; VariantName = "[No Variations]"
Add component (AddParameter): Name = "STOCK CODE"; Value = ""; VariantName = "[No Variations]"
Add component (AddParameter): Name = "SUPPLIER"; Value = ""; VariantName = "[No Variations]"
Add component (AddParameter): Name = "TYPE"; Value = ""; VariantName = "[No Variations]"
Added Component: Designator=R56(R 0805)
Add component. Clean all parameters for all variants
Add component (AddParameter): Name = "BRAND"; Value = ""; VariantName = "[No Variations]"
Add component (AddParameter): Name = "PACKAGE"; Value = ""; VariantName = "[No Variations]"
Add component (AddParameter): Name = "PART NO"; Value = ""; VariantName = "[No Variations]"
Add component (AddParameter): Name = "STOCK CODE"; Value = ""; VariantName = "[No Variations]"
Add component (AddParameter): Name = "SUPPLIER"; Value = ""; VariantName = "[No Variations]"
Add component (AddParameter): Name = "TYPE"; Value = ""; VariantName = "[No Variations]"
Added Component: Designator=R57(R 0805)
Add component. Clean all parameters for all variants
Add component (AddParameter): Name = "BRAND"; Value = ""; VariantName = "[No Variations]"
Add component (AddParameter): Name = "PACKAGE"; Value = ""; VariantName = "[No Variations]"
Add component (AddParameter): Name = "PART NO"; Value = ""; VariantName = "[No Variations]"
Add component (AddParameter): Name = "STOCK CODE"; Value = ""; VariantName = "[No Variations]"
Add component (AddParameter): Name = "SUPPLIER"; Value = ""; VariantName = "[No Variations]"
Add component (AddParameter): Name = "TYPE"; Value = ""; VariantName = "[No Variations]"
Added Component: Designator=R58(R 0805)
Add component. Clean all parameters for all variants
Add component (AddParameter): Name = "BRAND"; Value = ""; VariantName = "[No Variations]"
Add component (AddParameter): Name = "PACKAGE"; Value = ""; VariantName = "[No Variations]"
Add component (AddParameter): Name = "PART NO"; Value = ""; VariantName = "[No Variations]"
Add component (AddParameter): Name = "STOCK CODE"; Value = ""; VariantName = "[No Variations]"
Add component (AddParameter): Name = "SUPPLIER"; Value = ""; VariantName = "[No Variations]"
Add component (AddParameter): Name = "TYPE"; Value = ""; VariantName = "[No Variations]"
Added Pin To Net: NetName=SEG0 Pin=R51-1
Added Pin To Net: NetName=SEG1 Pin=R52-1
Added Pin To Net: NetName=SEG2 Pin=R54-1
Added Pin To Net: NetName=SEG3 Pin=R55-1
Added Pin To Net: NetName=SEG4 Pin=R56-1
Added Pin To Net: NetName=SEG5 Pin=R57-1
Added Pin To Net: NetName=SEG6 Pin=R58-1
Change Net Name : Old Net Name=NetR31_1 New Net Name=NetR33_1
Change Net Name : Old Net Name=NetR34_2 New Net Name=NetR37_2
Change Net Name : Old Net Name=NetR35_2 New Net Name=NetR38_2
Change Net Name : Old Net Name=NetR38_1 New Net Name=NetR41_1
Change Net Name : Old Net Name=NetR39_1 New Net Name=NetR42_1
Change Net Name : Old Net Name=NetR41_2 New Net Name=NetR35_2
Change Net Name : Old Net Name=NetR42_2 New Net Name=NetR34_2
Added Pin To Net: NetName=NetLED 7-SEG QUAD_1 Pin=LED 7-SEG QUAD-1
Added Pin To Net: NetName=NetLED 7-SEG QUAD_1 Pin=R56-2
Added Net: Name=NetLED 7-SEG QUAD_1
Added Pin To Net: NetName=NetLED 7-SEG QUAD_2 Pin=LED 7-SEG QUAD-2
Added Pin To Net: NetName=NetLED 7-SEG QUAD_2 Pin=R55-2
Added Net: Name=NetLED 7-SEG QUAD_2
Added Pin To Net: NetName=NetLED 7-SEG QUAD_4 Pin=LED 7-SEG QUAD-4
Added Pin To Net: NetName=NetLED 7-SEG QUAD_4 Pin=R54-2
Added Net: Name=NetLED 7-SEG QUAD_4
Added Pin To Net: NetName=NetLED 7-SEG QUAD_5 Pin=LED 7-SEG QUAD-5
Added Pin To Net: NetName=NetLED 7-SEG QUAD_5 Pin=R58-2
Added Net: Name=NetLED 7-SEG QUAD_5
Added Pin To Net: NetName=NetLED 7-SEG QUAD_7 Pin=LED 7-SEG QUAD-7
Added Pin To Net: NetName=NetLED 7-SEG QUAD_7 Pin=R52-2
Added Net: Name=NetLED 7-SEG QUAD_7
Added Pin To Net: NetName=NetLED 7-SEG QUAD_10 Pin=LED 7-SEG QUAD-10
Added Pin To Net: NetName=NetLED 7-SEG QUAD_10 Pin=R57-2
Added Net: Name=NetLED 7-SEG QUAD_10
Added Pin To Net: NetName=NetLED 7-SEG QUAD_11 Pin=LED 7-SEG QUAD-11
Added Pin To Net: NetName=NetLED 7-SEG QUAD_11 Pin=R51-2
Added Net: Name=NetLED 7-SEG QUAD_11
Added Member To Class: ClassName=TrafficLight Member=Component R51 4.7k
Added Member To Class: ClassName=TrafficLight Member=Component R52 4.7k
Added Member To Class: ClassName=TrafficLight Member=Component R54 4.7k
Added Member To Class: ClassName=TrafficLight Member=Component R55 4.7k
Added Member To Class: ClassName=TrafficLight Member=Component R56 4.7k
Added Member To Class: ClassName=TrafficLight Member=Component R57 4.7k
Added Member To Class: ClassName=TrafficLight Member=Component R58 4.7k
