Change Component Designator: OldDesignator=R0 NewDesignator=R_EN0
Change Component Designator: OldDesignator=R00 NewDesignator=R_SEG6
Change Component Designator: OldDesignator=R1 NewDesignator=R_EN1
Change Component Designator: OldDesignator=R2 NewDesignator=R_EN2
Change Component Designator: OldDesignator=R3 NewDesignator=R_EN3
Change Component Designator: OldDesignator=R4 NewDesignator=R_SEG0
Change Component Designator: OldDesignator=R5 NewDesignator=R_SEG1
Change Component Designator: OldDesignator=R6 NewDesignator=R_SEG2
Change Component Designator: OldDesignator=R7 NewDesignator=R_SEG3
Change Component Designator: OldDesignator=R8 NewDesignator=R_SEG4
Change Component Designator: OldDesignator=R9 NewDesignator=R_SEG5
Change Component Designator: OldDesignator=R10 NewDesignator=R_S0
Change Component Designator: OldDesignator=R11 NewDesignator=R_S1
Change Component Designator: OldDesignator=R12 NewDesignator=R_S2
Change Component Designator: OldDesignator=R13 NewDesignator=R_S3
Change Component Designator: OldDesignator=R20 NewDesignator=R_B0
Change Component Designator: OldDesignator=R21 NewDesignator=R_B1
Change Component Designator: OldDesignator=R22 NewDesignator=R_B2
Change Component Designator: OldDesignator=R23 NewDesignator=R_B3
Change Component Designator: OldDesignator=R31 NewDesignator=R_G1
Change Component Designator: OldDesignator=R32 NewDesignator=R_Y1
Change Component Designator: OldDesignator=R33 NewDesignator=R_R1
Change Component Designator: OldDesignator=R34 NewDesignator=R_R4
Change Component Designator: OldDesignator=R35 NewDesignator=R_Y4
Change Component Designator: OldDesignator=R36 NewDesignator=R_G4
Change Component Designator: OldDesignator=R37 NewDesignator=R_R2
Change Component Designator: OldDesignator=R38 NewDesignator=R_Y2
Change Component Designator: OldDesignator=R39 NewDesignator=R_G2
Change Component Designator: OldDesignator=R40 NewDesignator=R_G3
Change Component Designator: OldDesignator=R41 NewDesignator=R_Y3
Change Component Designator: OldDesignator=R42 NewDesignator=R_R3
Change Net Name : Old Net Name=NetR32_1 New Net Name=NetR_Y1_1
Change Net Name : Old Net Name=NetR33_1 New Net Name=NetR_R1_1
Change Net Name : Old Net Name=NetR34_2 New Net Name=NetR_R4_2
Change Net Name : Old Net Name=NetR35_2 New Net Name=NetR_Y4_2
Change Net Name : Old Net Name=NetR37_2 New Net Name=NetR_R2_2
Change Net Name : Old Net Name=NetR38_2 New Net Name=NetR_Y2_2
Change Net Name : Old Net Name=NetR41_1 New Net Name=NetR_Y3_1
Change Net Name : Old Net Name=NetR42_1 New Net Name=NetR_R3_1
Added Room: Name=TrafficLight
