Added Component: Designator=D1(Led 0603 - red)
Add component. Clean all parameters for all variants
Add component (AddParameter): Name = "BRAND"; Value = ""; VariantName = "[No Variations]"
Add component (AddParameter): Name = "PACKAGE"; Value = ""; VariantName = "[No Variations]"
Add component (AddParameter): Name = "PART NO"; Value = ""; VariantName = "[No Variations]"
Add component (AddParameter): Name = "STOCK CODE"; Value = ""; VariantName = "[No Variations]"
Add component (AddParameter): Name = "SUPPLIER"; Value = ""; VariantName = "[No Variations]"
Add component (AddParameter): Name = "TYPE"; Value = ""; VariantName = "[No Variations]"
Added Component: Designator=D2(Led 0603 - red)
Add component. Clean all parameters for all variants
Add component (AddParameter): Name = "BRAND"; Value = ""; VariantName = "[No Variations]"
Add component (AddParameter): Name = "PACKAGE"; Value = ""; VariantName = "[No Variations]"
Add component (AddParameter): Name = "PART NO"; Value = ""; VariantName = "[No Variations]"
Add component (AddParameter): Name = "STOCK CODE"; Value = ""; VariantName = "[No Variations]"
Add component (AddParameter): Name = "SUPPLIER"; Value = ""; VariantName = "[No Variations]"
Add component (AddParameter): Name = "TYPE"; Value = ""; VariantName = "[No Variations]"
Added Component: Designator=D3(Led 0603 - red)
Add component. Clean all parameters for all variants
Add component (AddParameter): Name = "BRAND"; Value = ""; VariantName = "[No Variations]"
Add component (AddParameter): Name = "PACKAGE"; Value = ""; VariantName = "[No Variations]"
Add component (AddParameter): Name = "PART NO"; Value = ""; VariantName = "[No Variations]"
Add component (AddParameter): Name = "STOCK CODE"; Value = ""; VariantName = "[No Variations]"
Add component (AddParameter): Name = "SUPPLIER"; Value = ""; VariantName = "[No Variations]"
Add component (AddParameter): Name = "TYPE"; Value = ""; VariantName = "[No Variations]"
Added Component: Designator=D4(Led 0603 - red)
Add component. Clean all parameters for all variants
Add component (AddParameter): Name = "BRAND"; Value = ""; VariantName = "[No Variations]"
Add component (AddParameter): Name = "PACKAGE"; Value = ""; VariantName = "[No Variations]"
Add component (AddParameter): Name = "PART NO"; Value = ""; VariantName = "[No Variations]"
Add component (AddParameter): Name = "STOCK CODE"; Value = ""; VariantName = "[No Variations]"
Add component (AddParameter): Name = "SUPPLIER"; Value = ""; VariantName = "[No Variations]"
Add component (AddParameter): Name = "TYPE"; Value = ""; VariantName = "[No Variations]"
Added Component: Designator=GREEN1(LED 5MM - GREEN)
Add component. Clean all parameters for all variants
Add component (AddParameter): Name = "BRAND"; Value = ""; VariantName = "[No Variations]"
Add component (AddParameter): Name = "PACKAGE"; Value = ""; VariantName = "[No Variations]"
Add component (AddParameter): Name = "PART NO"; Value = ""; VariantName = "[No Variations]"
Add component (AddParameter): Name = "STOCK CODE"; Value = ""; VariantName = "[No Variations]"
Add component (AddParameter): Name = "SUPPLIER"; Value = ""; VariantName = "[No Variations]"
Add component (AddParameter): Name = "TYPE"; Value = ""; VariantName = "[No Variations]"
Added Component: Designator=GREEN2(LED 5MM - GREEN)
Add component. Clean all parameters for all variants
Add component (AddParameter): Name = "BRAND"; Value = ""; VariantName = "[No Variations]"
Add component (AddParameter): Name = "PACKAGE"; Value = ""; VariantName = "[No Variations]"
Add component (AddParameter): Name = "PART NO"; Value = ""; VariantName = "[No Variations]"
Add component (AddParameter): Name = "STOCK CODE"; Value = ""; VariantName = "[No Variations]"
Add component (AddParameter): Name = "SUPPLIER"; Value = ""; VariantName = "[No Variations]"
Add component (AddParameter): Name = "TYPE"; Value = ""; VariantName = "[No Variations]"
Added Component: Designator=GREEN3(LED 5MM - GREEN)
Add component. Clean all parameters for all variants
Add component (AddParameter): Name = "BRAND"; Value = ""; VariantName = "[No Variations]"
Add component (AddParameter): Name = "PACKAGE"; Value = ""; VariantName = "[No Variations]"
Add component (AddParameter): Name = "PART NO"; Value = ""; VariantName = "[No Variations]"
Add component (AddParameter): Name = "STOCK CODE"; Value = ""; VariantName = "[No Variations]"
Add component (AddParameter): Name = "SUPPLIER"; Value = ""; VariantName = "[No Variations]"
Add component (AddParameter): Name = "TYPE"; Value = ""; VariantName = "[No Variations]"
Added Component: Designator=GREEN4(LED 5MM - GREEN)
Add component. Clean all parameters for all variants
Add component (AddParameter): Name = "BRAND"; Value = ""; VariantName = "[No Variations]"
Add component (AddParameter): Name = "PACKAGE"; Value = ""; VariantName = "[No Variations]"
Add component (AddParameter): Name = "PART NO"; Value = ""; VariantName = "[No Variations]"
Add component (AddParameter): Name = "STOCK CODE"; Value = ""; VariantName = "[No Variations]"
Add component (AddParameter): Name = "SUPPLIER"; Value = ""; VariantName = "[No Variations]"
Add component (AddParameter): Name = "TYPE"; Value = ""; VariantName = "[No Variations]"
Added Component: Designator=M1(LED/7SEG/0.56/QUAD)
Add component. Clean all parameters for all variants
Add component (AddParameter): Name = "BRAND"; Value = ""; VariantName = "[No Variations]"
Add component (AddParameter): Name = "PACKAGE"; Value = ""; VariantName = "[No Variations]"
Add component (AddParameter): Name = "PART NO"; Value = ""; VariantName = "[No Variations]"
Add component (AddParameter): Name = "STOCK CODE"; Value = ""; VariantName = "[No Variations]"
Add component (AddParameter): Name = "SUPPLIER"; Value = ""; VariantName = "[No Variations]"
Add component (AddParameter): Name = "TYPE"; Value = ""; VariantName = "[No Variations]"
Added Component: Designator=Q1(SOT-23)
Add component. Clean all parameters for all variants
Add component (AddParameter): Name = "BRAND"; Value = ""; VariantName = "[No Variations]"
Add component (AddParameter): Name = "PACKAGE"; Value = ""; VariantName = "[No Variations]"
Add component (AddParameter): Name = "PART NO"; Value = ""; VariantName = "[No Variations]"
Add component (AddParameter): Name = "STOCK CODE"; Value = ""; VariantName = "[No Variations]"
Add component (AddParameter): Name = "SUPPLIER"; Value = ""; VariantName = "[No Variations]"
Add component (AddParameter): Name = "TYPE"; Value = ""; VariantName = "[No Variations]"
Added Component: Designator=Q2(SOT-23)
Add component. Clean all parameters for all variants
Add component (AddParameter): Name = "BRAND"; Value = ""; VariantName = "[No Variations]"
Add component (AddParameter): Name = "PACKAGE"; Value = ""; VariantName = "[No Variations]"
Add component (AddParameter): Name = "PART NO"; Value = ""; VariantName = "[No Variations]"
Add component (AddParameter): Name = "STOCK CODE"; Value = ""; VariantName = "[No Variations]"
Add component (AddParameter): Name = "SUPPLIER"; Value = ""; VariantName = "[No Variations]"
Add component (AddParameter): Name = "TYPE"; Value = ""; VariantName = "[No Variations]"
Added Component: Designator=Q3(SOT-23)
Add component. Clean all parameters for all variants
Add component (AddParameter): Name = "BRAND"; Value = ""; VariantName = "[No Variations]"
Add component (AddParameter): Name = "PACKAGE"; Value = ""; VariantName = "[No Variations]"
Add component (AddParameter): Name = "PART NO"; Value = ""; VariantName = "[No Variations]"
Add component (AddParameter): Name = "STOCK CODE"; Value = ""; VariantName = "[No Variations]"
Add component (AddParameter): Name = "SUPPLIER"; Value = ""; VariantName = "[No Variations]"
Add component (AddParameter): Name = "TYPE"; Value = ""; VariantName = "[No Variations]"
Added Component: Designator=Q4(SOT-23)
Add component. Clean all parameters for all variants
Add component (AddParameter): Name = "BRAND"; Value = ""; VariantName = "[No Variations]"
Add component (AddParameter): Name = "PACKAGE"; Value = ""; VariantName = "[No Variations]"
Add component (AddParameter): Name = "PART NO"; Value = ""; VariantName = "[No Variations]"
Add component (AddParameter): Name = "STOCK CODE"; Value = ""; VariantName = "[No Variations]"
Add component (AddParameter): Name = "SUPPLIER"; Value = ""; VariantName = "[No Variations]"
Add component (AddParameter): Name = "TYPE"; Value = ""; VariantName = "[No Variations]"
Added Component: Designator=R1(R 0805)
Add component. Clean all parameters for all variants
Add component (AddParameter): Name = "BRAND"; Value = ""; VariantName = "[No Variations]"
Add component (AddParameter): Name = "PACKAGE"; Value = ""; VariantName = "[No Variations]"
Add component (AddParameter): Name = "PART NO"; Value = ""; VariantName = "[No Variations]"
Add component (AddParameter): Name = "STOCK CODE"; Value = ""; VariantName = "[No Variations]"
Add component (AddParameter): Name = "SUPPLIER"; Value = ""; VariantName = "[No Variations]"
Add component (AddParameter): Name = "TYPE"; Value = ""; VariantName = "[No Variations]"
Added Component: Designator=R2(R 0805)
Add component. Clean all parameters for all variants
Add component (AddParameter): Name = "BRAND"; Value = ""; VariantName = "[No Variations]"
Add component (AddParameter): Name = "PACKAGE"; Value = ""; VariantName = "[No Variations]"
Add component (AddParameter): Name = "PART NO"; Value = ""; VariantName = "[No Variations]"
Add component (AddParameter): Name = "STOCK CODE"; Value = ""; VariantName = "[No Variations]"
Add component (AddParameter): Name = "SUPPLIER"; Value = ""; VariantName = "[No Variations]"
Add component (AddParameter): Name = "TYPE"; Value = ""; VariantName = "[No Variations]"
Added Component: Designator=R3(R 0805)
Add component. Clean all parameters for all variants
Add component (AddParameter): Name = "BRAND"; Value = ""; VariantName = "[No Variations]"
Add component (AddParameter): Name = "PACKAGE"; Value = ""; VariantName = "[No Variations]"
Add component (AddParameter): Name = "PART NO"; Value = ""; VariantName = "[No Variations]"
Add component (AddParameter): Name = "STOCK CODE"; Value = ""; VariantName = "[No Variations]"
Add component (AddParameter): Name = "SUPPLIER"; Value = ""; VariantName = "[No Variations]"
Add component (AddParameter): Name = "TYPE"; Value = ""; VariantName = "[No Variations]"
Added Component: Designator=R4(R 0805)
Add component. Clean all parameters for all variants
Add component (AddParameter): Name = "BRAND"; Value = ""; VariantName = "[No Variations]"
Add component (AddParameter): Name = "PACKAGE"; Value = ""; VariantName = "[No Variations]"
Add component (AddParameter): Name = "PART NO"; Value = ""; VariantName = "[No Variations]"
Add component (AddParameter): Name = "STOCK CODE"; Value = ""; VariantName = "[No Variations]"
Add component (AddParameter): Name = "SUPPLIER"; Value = ""; VariantName = "[No Variations]"
Add component (AddParameter): Name = "TYPE"; Value = ""; VariantName = "[No Variations]"
Added Component: Designator=R5(R 0805)
Add component. Clean all parameters for all variants
Add component (AddParameter): Name = "BRAND"; Value = ""; VariantName = "[No Variations]"
Add component (AddParameter): Name = "PACKAGE"; Value = ""; VariantName = "[No Variations]"
Add component (AddParameter): Name = "PART NO"; Value = ""; VariantName = "[No Variations]"
Add component (AddParameter): Name = "STOCK CODE"; Value = ""; VariantName = "[No Variations]"
Add component (AddParameter): Name = "SUPPLIER"; Value = ""; VariantName = "[No Variations]"
Add component (AddParameter): Name = "TYPE"; Value = ""; VariantName = "[No Variations]"
Added Component: Designator=R6(R 0805)
Add component. Clean all parameters for all variants
Add component (AddParameter): Name = "BRAND"; Value = ""; VariantName = "[No Variations]"
Add component (AddParameter): Name = "PACKAGE"; Value = ""; VariantName = "[No Variations]"
Add component (AddParameter): Name = "PART NO"; Value = ""; VariantName = "[No Variations]"
Add component (AddParameter): Name = "STOCK CODE"; Value = ""; VariantName = "[No Variations]"
Add component (AddParameter): Name = "SUPPLIER"; Value = ""; VariantName = "[No Variations]"
Add component (AddParameter): Name = "TYPE"; Value = ""; VariantName = "[No Variations]"
Added Component: Designator=R7(R 0805)
Add component. Clean all parameters for all variants
Add component (AddParameter): Name = "BRAND"; Value = ""; VariantName = "[No Variations]"
Add component (AddParameter): Name = "PACKAGE"; Value = ""; VariantName = "[No Variations]"
Add component (AddParameter): Name = "PART NO"; Value = ""; VariantName = "[No Variations]"
Add component (AddParameter): Name = "STOCK CODE"; Value = ""; VariantName = "[No Variations]"
Add component (AddParameter): Name = "SUPPLIER"; Value = ""; VariantName = "[No Variations]"
Add component (AddParameter): Name = "TYPE"; Value = ""; VariantName = "[No Variations]"
Added Component: Designator=R8(R 0805)
Add component. Clean all parameters for all variants
Add component (AddParameter): Name = "BRAND"; Value = ""; VariantName = "[No Variations]"
Add component (AddParameter): Name = "PACKAGE"; Value = ""; VariantName = "[No Variations]"
Add component (AddParameter): Name = "PART NO"; Value = ""; VariantName = "[No Variations]"
Add component (AddParameter): Name = "STOCK CODE"; Value = ""; VariantName = "[No Variations]"
Add component (AddParameter): Name = "SUPPLIER"; Value = ""; VariantName = "[No Variations]"
Add component (AddParameter): Name = "TYPE"; Value = ""; VariantName = "[No Variations]"
Added Component: Designator=R9(R 0805)
Add component. Clean all parameters for all variants
Add component (AddParameter): Name = "BRAND"; Value = ""; VariantName = "[No Variations]"
Add component (AddParameter): Name = "PACKAGE"; Value = ""; VariantName = "[No Variations]"
Add component (AddParameter): Name = "PART NO"; Value = ""; VariantName = "[No Variations]"
Add component (AddParameter): Name = "STOCK CODE"; Value = ""; VariantName = "[No Variations]"
Add component (AddParameter): Name = "SUPPLIER"; Value = ""; VariantName = "[No Variations]"
Add component (AddParameter): Name = "TYPE"; Value = ""; VariantName = "[No Variations]"
Added Component: Designator=R10(R 0805)
Add component. Clean all parameters for all variants
Add component (AddParameter): Name = "BRAND"; Value = ""; VariantName = "[No Variations]"
Add component (AddParameter): Name = "PACKAGE"; Value = ""; VariantName = "[No Variations]"
Add component (AddParameter): Name = "PART NO"; Value = ""; VariantName = "[No Variations]"
Add component (AddParameter): Name = "STOCK CODE"; Value = ""; VariantName = "[No Variations]"
Add component (AddParameter): Name = "SUPPLIER"; Value = ""; VariantName = "[No Variations]"
Add component (AddParameter): Name = "TYPE"; Value = ""; VariantName = "[No Variations]"
Added Component: Designator=R11(R 0805)
Add component. Clean all parameters for all variants
Add component (AddParameter): Name = "BRAND"; Value = ""; VariantName = "[No Variations]"
Add component (AddParameter): Name = "PACKAGE"; Value = ""; VariantName = "[No Variations]"
Add component (AddParameter): Name = "PART NO"; Value = ""; VariantName = "[No Variations]"
Add component (AddParameter): Name = "STOCK CODE"; Value = ""; VariantName = "[No Variations]"
Add component (AddParameter): Name = "SUPPLIER"; Value = ""; VariantName = "[No Variations]"
Add component (AddParameter): Name = "TYPE"; Value = ""; VariantName = "[No Variations]"
Added Component: Designator=R12(R 0805)
Add component. Clean all parameters for all variants
Add component (AddParameter): Name = "BRAND"; Value = ""; VariantName = "[No Variations]"
Add component (AddParameter): Name = "PACKAGE"; Value = ""; VariantName = "[No Variations]"
Add component (AddParameter): Name = "PART NO"; Value = ""; VariantName = "[No Variations]"
Add component (AddParameter): Name = "STOCK CODE"; Value = ""; VariantName = "[No Variations]"
Add component (AddParameter): Name = "SUPPLIER"; Value = ""; VariantName = "[No Variations]"
Add component (AddParameter): Name = "TYPE"; Value = ""; VariantName = "[No Variations]"
Added Component: Designator=RED1(LED 3MM - red)
Add component. Clean all parameters for all variants
Add component (AddParameter): Name = "BRAND"; Value = ""; VariantName = "[No Variations]"
Add component (AddParameter): Name = "PACKAGE"; Value = ""; VariantName = "[No Variations]"
Add component (AddParameter): Name = "PART NO"; Value = ""; VariantName = "[No Variations]"
Add component (AddParameter): Name = "STOCK CODE"; Value = ""; VariantName = "[No Variations]"
Add component (AddParameter): Name = "SUPPLIER"; Value = ""; VariantName = "[No Variations]"
Add component (AddParameter): Name = "TYPE"; Value = ""; VariantName = "[No Variations]"
Added Component: Designator=RED2(LED 3MM - red)
Add component. Clean all parameters for all variants
Add component (AddParameter): Name = "BRAND"; Value = ""; VariantName = "[No Variations]"
Add component (AddParameter): Name = "PACKAGE"; Value = ""; VariantName = "[No Variations]"
Add component (AddParameter): Name = "PART NO"; Value = ""; VariantName = "[No Variations]"
Add component (AddParameter): Name = "STOCK CODE"; Value = ""; VariantName = "[No Variations]"
Add component (AddParameter): Name = "SUPPLIER"; Value = ""; VariantName = "[No Variations]"
Add component (AddParameter): Name = "TYPE"; Value = ""; VariantName = "[No Variations]"
Added Component: Designator=RED3(LED 3MM - red)
Add component. Clean all parameters for all variants
Add component (AddParameter): Name = "BRAND"; Value = ""; VariantName = "[No Variations]"
Add component (AddParameter): Name = "PACKAGE"; Value = ""; VariantName = "[No Variations]"
Add component (AddParameter): Name = "PART NO"; Value = ""; VariantName = "[No Variations]"
Add component (AddParameter): Name = "STOCK CODE"; Value = ""; VariantName = "[No Variations]"
Add component (AddParameter): Name = "SUPPLIER"; Value = ""; VariantName = "[No Variations]"
Add component (AddParameter): Name = "TYPE"; Value = ""; VariantName = "[No Variations]"
Added Component: Designator=RED4(LED 3MM - red)
Add component. Clean all parameters for all variants
Add component (AddParameter): Name = "BRAND"; Value = ""; VariantName = "[No Variations]"
Add component (AddParameter): Name = "PACKAGE"; Value = ""; VariantName = "[No Variations]"
Add component (AddParameter): Name = "PART NO"; Value = ""; VariantName = "[No Variations]"
Add component (AddParameter): Name = "STOCK CODE"; Value = ""; VariantName = "[No Variations]"
Add component (AddParameter): Name = "SUPPLIER"; Value = ""; VariantName = "[No Variations]"
Add component (AddParameter): Name = "TYPE"; Value = ""; VariantName = "[No Variations]"
Added Component: Designator=SW1(SW/4/12mm)
Add component. Clean all parameters for all variants
Add component (AddParameter): Name = "BRAND"; Value = ""; VariantName = "[No Variations]"
Add component (AddParameter): Name = "PACKAGE"; Value = ""; VariantName = "[No Variations]"
Add component (AddParameter): Name = "PART NO"; Value = ""; VariantName = "[No Variations]"
Add component (AddParameter): Name = "STOCK CODE"; Value = ""; VariantName = "[No Variations]"
Add component (AddParameter): Name = "SUPPLIER"; Value = ""; VariantName = "[No Variations]"
Add component (AddParameter): Name = "TYPE"; Value = ""; VariantName = "[No Variations]"
Added Component: Designator=SW2(SW/4/12mm)
Add component. Clean all parameters for all variants
Add component (AddParameter): Name = "BRAND"; Value = ""; VariantName = "[No Variations]"
Add component (AddParameter): Name = "PACKAGE"; Value = ""; VariantName = "[No Variations]"
Add component (AddParameter): Name = "PART NO"; Value = ""; VariantName = "[No Variations]"
Add component (AddParameter): Name = "STOCK CODE"; Value = ""; VariantName = "[No Variations]"
Add component (AddParameter): Name = "SUPPLIER"; Value = ""; VariantName = "[No Variations]"
Add component (AddParameter): Name = "TYPE"; Value = ""; VariantName = "[No Variations]"
Added Component: Designator=SW3(SW/4/12mm)
Add component. Clean all parameters for all variants
Add component (AddParameter): Name = "BRAND"; Value = ""; VariantName = "[No Variations]"
Add component (AddParameter): Name = "PACKAGE"; Value = ""; VariantName = "[No Variations]"
Add component (AddParameter): Name = "PART NO"; Value = ""; VariantName = "[No Variations]"
Add component (AddParameter): Name = "STOCK CODE"; Value = ""; VariantName = "[No Variations]"
Add component (AddParameter): Name = "SUPPLIER"; Value = ""; VariantName = "[No Variations]"
Add component (AddParameter): Name = "TYPE"; Value = ""; VariantName = "[No Variations]"
Added Component: Designator=SW4(SW/4/12mm)
Add component. Clean all parameters for all variants
Add component (AddParameter): Name = "BRAND"; Value = ""; VariantName = "[No Variations]"
Add component (AddParameter): Name = "PACKAGE"; Value = ""; VariantName = "[No Variations]"
Add component (AddParameter): Name = "PART NO"; Value = ""; VariantName = "[No Variations]"
Add component (AddParameter): Name = "STOCK CODE"; Value = ""; VariantName = "[No Variations]"
Add component (AddParameter): Name = "SUPPLIER"; Value = ""; VariantName = "[No Variations]"
Add component (AddParameter): Name = "TYPE"; Value = ""; VariantName = "[No Variations]"
Added Component: Designator=YELLOW1(LED 3MM - yellow)
Add component. Clean all parameters for all variants
Add component (AddParameter): Name = "BRAND"; Value = ""; VariantName = "[No Variations]"
Add component (AddParameter): Name = "PACKAGE"; Value = ""; VariantName = "[No Variations]"
Add component (AddParameter): Name = "PART NO"; Value = ""; VariantName = "[No Variations]"
Add component (AddParameter): Name = "STOCK CODE"; Value = ""; VariantName = "[No Variations]"
Add component (AddParameter): Name = "SUPPLIER"; Value = ""; VariantName = "[No Variations]"
Add component (AddParameter): Name = "TYPE"; Value = ""; VariantName = "[No Variations]"
Added Component: Designator=YELLOW2(LED 3MM - yellow)
Add component. Clean all parameters for all variants
Add component (AddParameter): Name = "BRAND"; Value = ""; VariantName = "[No Variations]"
Add component (AddParameter): Name = "PACKAGE"; Value = ""; VariantName = "[No Variations]"
Add component (AddParameter): Name = "PART NO"; Value = ""; VariantName = "[No Variations]"
Add component (AddParameter): Name = "STOCK CODE"; Value = ""; VariantName = "[No Variations]"
Add component (AddParameter): Name = "SUPPLIER"; Value = ""; VariantName = "[No Variations]"
Add component (AddParameter): Name = "TYPE"; Value = ""; VariantName = "[No Variations]"
Added Component: Designator=YELLOW3(LED 3MM - yellow)
Add component. Clean all parameters for all variants
Add component (AddParameter): Name = "BRAND"; Value = ""; VariantName = "[No Variations]"
Add component (AddParameter): Name = "PACKAGE"; Value = ""; VariantName = "[No Variations]"
Add component (AddParameter): Name = "PART NO"; Value = ""; VariantName = "[No Variations]"
Add component (AddParameter): Name = "STOCK CODE"; Value = ""; VariantName = "[No Variations]"
Add component (AddParameter): Name = "SUPPLIER"; Value = ""; VariantName = "[No Variations]"
Add component (AddParameter): Name = "TYPE"; Value = ""; VariantName = "[No Variations]"
Added Component: Designator=YELLOW4(LED 3MM - yellow)
Add component. Clean all parameters for all variants
Add component (AddParameter): Name = "BRAND"; Value = ""; VariantName = "[No Variations]"
Add component (AddParameter): Name = "PACKAGE"; Value = ""; VariantName = "[No Variations]"
Add component (AddParameter): Name = "PART NO"; Value = ""; VariantName = "[No Variations]"
Add component (AddParameter): Name = "STOCK CODE"; Value = ""; VariantName = "[No Variations]"
Add component (AddParameter): Name = "SUPPLIER"; Value = ""; VariantName = "[No Variations]"
Add component (AddParameter): Name = "TYPE"; Value = ""; VariantName = "[No Variations]"
Added Pin To Net: NetName=+5V Pin=GREEN1-1
Added Pin To Net: NetName=+5V Pin=GREEN2-1
Added Pin To Net: NetName=+5V Pin=GREEN3-1
Added Pin To Net: NetName=+5V Pin=GREEN4-1
Added Pin To Net: NetName=+5V Pin=Q1-2
Added Pin To Net: NetName=+5V Pin=Q2-2
Added Pin To Net: NetName=+5V Pin=Q3-2
Added Pin To Net: NetName=+5V Pin=Q4-2
Added Pin To Net: NetName=+5V Pin=R1-2
Added Pin To Net: NetName=+5V Pin=R2-2
Added Pin To Net: NetName=+5V Pin=R11-2
Added Pin To Net: NetName=+5V Pin=R12-2
Added Pin To Net: NetName=+5V Pin=RED1-1
Added Pin To Net: NetName=+5V Pin=RED2-1
Added Pin To Net: NetName=+5V Pin=RED3-1
Added Pin To Net: NetName=+5V Pin=RED4-1
Added Pin To Net: NetName=+5V Pin=YELLOW1-1
Added Pin To Net: NetName=+5V Pin=YELLOW2-1
Added Pin To Net: NetName=+5V Pin=YELLOW3-1
Added Pin To Net: NetName=+5V Pin=YELLOW4-1
Added Net: Name=+5V
Added Pin To Net: NetName=BUTTON_0 Pin=R1-1
Added Pin To Net: NetName=BUTTON_0 Pin=SW1-1
Added Pin To Net: NetName=BUTTON_0 Pin=SW1-2
Added Net: Name=BUTTON_0
Added Pin To Net: NetName=BUTTON_1 Pin=R2-1
Added Pin To Net: NetName=BUTTON_1 Pin=SW2-1
Added Pin To Net: NetName=BUTTON_1 Pin=SW2-2
Added Net: Name=BUTTON_1
Added Pin To Net: NetName=BUTTON_2 Pin=R11-1
Added Pin To Net: NetName=BUTTON_2 Pin=SW3-1
Added Pin To Net: NetName=BUTTON_2 Pin=SW3-2
Added Net: Name=BUTTON_2
Added Pin To Net: NetName=BUTTON_3 Pin=R12-1
Added Pin To Net: NetName=BUTTON_3 Pin=SW4-1
Added Pin To Net: NetName=BUTTON_3 Pin=SW4-2
Added Net: Name=BUTTON_3
Added Pin To Net: NetName=EN0 Pin=R3-1
Added Net: Name=EN0
Added Pin To Net: NetName=EN1 Pin=R4-1
Added Net: Name=EN1
Added Pin To Net: NetName=EN2 Pin=R7-1
Added Net: Name=EN2
Added Pin To Net: NetName=EN3 Pin=R8-1
Added Net: Name=EN3
Added Pin To Net: NetName=GND Pin=D1-2
Added Pin To Net: NetName=GND Pin=D2-2
Added Pin To Net: NetName=GND Pin=D3-2
Added Pin To Net: NetName=GND Pin=D4-2
Added Pin To Net: NetName=GND Pin=SW1-3
Added Pin To Net: NetName=GND Pin=SW1-4
Added Pin To Net: NetName=GND Pin=SW2-3
Added Pin To Net: NetName=GND Pin=SW2-4
Added Pin To Net: NetName=GND Pin=SW3-3
Added Pin To Net: NetName=GND Pin=SW3-4
Added Pin To Net: NetName=GND Pin=SW4-3
Added Pin To Net: NetName=GND Pin=SW4-4
Added Net: Name=GND
Added Pin To Net: NetName=LED_GREEN1 Pin=GREEN1-2
Added Pin To Net: NetName=LED_GREEN1 Pin=GREEN4-2
Added Net: Name=LED_GREEN1
Added Pin To Net: NetName=LED_GREEN2 Pin=GREEN2-2
Added Pin To Net: NetName=LED_GREEN2 Pin=GREEN3-2
Added Net: Name=LED_GREEN2
Added Pin To Net: NetName=LED_RED1 Pin=RED1-2
Added Pin To Net: NetName=LED_RED1 Pin=RED4-2
Added Net: Name=LED_RED1
Added Pin To Net: NetName=LED_RED2 Pin=RED2-2
Added Pin To Net: NetName=LED_RED2 Pin=RED3-2
Added Net: Name=LED_RED2
Added Pin To Net: NetName=LED_YELLOW1 Pin=YELLOW1-2
Added Pin To Net: NetName=LED_YELLOW1 Pin=YELLOW4-2
Added Net: Name=LED_YELLOW1
Added Pin To Net: NetName=LED_YELLOW2 Pin=YELLOW2-2
Added Pin To Net: NetName=LED_YELLOW2 Pin=YELLOW3-2
Added Net: Name=LED_YELLOW2
Added Pin To Net: NetName=NetD1_1 Pin=D1-1
Added Pin To Net: NetName=NetD1_1 Pin=R5-1
Added Net: Name=NetD1_1
Added Pin To Net: NetName=NetD2_1 Pin=D2-1
Added Pin To Net: NetName=NetD2_1 Pin=R6-1
Added Net: Name=NetD2_1
Added Pin To Net: NetName=NetD3_1 Pin=D3-1
Added Pin To Net: NetName=NetD3_1 Pin=R9-1
Added Net: Name=NetD3_1
Added Pin To Net: NetName=NetD4_1 Pin=D4-1
Added Pin To Net: NetName=NetD4_1 Pin=R10-1
Added Net: Name=NetD4_1
Added Pin To Net: NetName=NetQ1_1 Pin=Q1-1
Added Pin To Net: NetName=NetQ1_1 Pin=R3-2
Added Net: Name=NetQ1_1
Added Pin To Net: NetName=NetQ2_1 Pin=Q2-1
Added Pin To Net: NetName=NetQ2_1 Pin=R4-2
Added Net: Name=NetQ2_1
Added Pin To Net: NetName=NetQ3_1 Pin=Q3-1
Added Pin To Net: NetName=NetQ3_1 Pin=R7-2
Added Net: Name=NetQ3_1
Added Pin To Net: NetName=NetQ4_1 Pin=Q4-1
Added Pin To Net: NetName=NetQ4_1 Pin=R8-2
Added Net: Name=NetQ4_1
Added Net: Name=NetU1_A6_6
Added Pin To Net: NetName=S0 Pin=M1-12
Added Pin To Net: NetName=S0 Pin=Q1-3
Added Pin To Net: NetName=S0 Pin=R5-2
Added Net: Name=S0
Added Pin To Net: NetName=S1 Pin=M1-9
Added Pin To Net: NetName=S1 Pin=Q2-3
Added Pin To Net: NetName=S1 Pin=R6-2
Added Net: Name=S1
Added Pin To Net: NetName=S2 Pin=M1-8
Added Pin To Net: NetName=S2 Pin=Q3-3
Added Pin To Net: NetName=S2 Pin=R9-2
Added Net: Name=S2
Added Pin To Net: NetName=S3 Pin=M1-6
Added Pin To Net: NetName=S3 Pin=Q4-3
Added Pin To Net: NetName=S3 Pin=R10-2
Added Net: Name=S3
Added Pin To Net: NetName=SEG0 Pin=M1-11
Added Net: Name=SEG0
Added Pin To Net: NetName=SEG1 Pin=M1-7
Added Net: Name=SEG1
Added Pin To Net: NetName=SEG2 Pin=M1-4
Added Net: Name=SEG2
Added Pin To Net: NetName=SEG3 Pin=M1-2
Added Net: Name=SEG3
Added Pin To Net: NetName=SEG4 Pin=M1-1
Added Net: Name=SEG4
Added Pin To Net: NetName=SEG5 Pin=M1-10
Added Net: Name=SEG5
Added Pin To Net: NetName=SEG6 Pin=M1-5
Added Net: Name=SEG6
Added Class: Name=TrafficLight
Added Room: Name=TrafficLight
