Change Component Designator: Old Designator=C0 New Designator=C1
Change Component Designator: Old Designator=C1 New Designator=C2
Change Component Designator: Old Designator=C2 New Designator=C3
Change Component Designator: Old Designator=C3 New Designator=C4
Change Component Designator: Old Designator=EN0 New Designator=EN1
Change Component Designator: Old Designator=EN1 New Designator=EN2
Change Component Designator: Old Designator=EN2 New Designator=EN3
Change Component Designator: Old Designator=EN3 New Designator=EN4
Change Component Designator: Old Designator=GREEN2 New Designator=GREEN3
Change Component Designator: Old Designator=GREEN3 New Designator=GREEN4
Change Component Designator: Old Designator=GREEN4 New Designator=GREEN2
Change Component Designator: Old Designator=LED 7-SEG QUAD New Designator=LED 1
Change Component Designator: Old Designator=Q0 New Designator=Q1
Change Component Designator: Old Designator=Q1 New Designator=Q2
Change Component Designator: Old Designator=Q2 New Designator=Q3
Change Component Designator: Old Designator=Q3 New Designator=Q4
Change Component Designator: Old Designator=R? New Designator=R1
Change Component Designator: Old Designator=R? New Designator=R2
Change Component Designator: Old Designator=R? New Designator=R3
Change Component Designator: Old Designator=R? New Designator=R4
Change Component Designator: Old Designator=R? New Designator=R5
Change Component Designator: Old Designator=R? New Designator=R6
Change Component Designator: Old Designator=R? New Designator=R7
Change Component Designator: Old Designator=R? New Designator=R8
Change Component Designator: Old Designator=R? New Designator=R9
Change Component Designator: Old Designator=R? New Designator=R10
Change Component Designator: Old Designator=R? New Designator=R11
Change Component Designator: Old Designator=R? New Designator=R12
Change Component Designator: Old Designator=R? New Designator=R13
Change Component Designator: Old Designator=R? New Designator=R14
Change Component Designator: Old Designator=R? New Designator=R15
Change Component Designator: Old Designator=R? New Designator=R16
Change Component Designator: Old Designator=R? New Designator=R17
Change Component Designator: Old Designator=R? New Designator=R18
Change Component Designator: Old Designator=R? New Designator=R19
Change Component Designator: Old Designator=R? New Designator=R20
Change Component Designator: Old Designator=R? New Designator=R21
Change Component Designator: Old Designator=R? New Designator=R22
Change Component Designator: Old Designator=R? New Designator=R23
Change Component Designator: Old Designator=R? New Designator=R24
Change Component Designator: Old Designator=R? New Designator=R25
Change Component Designator: Old Designator=R? New Designator=R26
Change Component Designator: Old Designator=R? New Designator=R27
Change Component Designator: Old Designator=RED2 New Designator=RED3
Change Component Designator: Old Designator=RED3 New Designator=RED4
Change Component Designator: Old Designator=RED4 New Designator=RED2
Change Component Designator: Old Designator=SW0 New Designator=SW1
Change Component Designator: Old Designator=SW1 New Designator=SW2
Change Component Designator: Old Designator=SW2 New Designator=SW3
Change Component Designator: Old Designator=SW3 New Designator=SW4
Change Component Designator: Old Designator=TRAFFIC LIGHT New Designator=TRAFFIC LIGHT1
Change Component Designator: Old Designator=YELLOW2 New Designator=YELLOW3
Change Component Designator: Old Designator=YELLOW3 New Designator=YELLOW4
Change Component Designator: Old Designator=YELLOW4 New Designator=YELLOW2
