Added Component: Designator=U1(NUCLEO)
Add component. Clean all parameters for all variants
Add component (AddParameter): Name = "BRAND"; Value = "STMicroelectronics"; VariantName = "[No Variations]"
Add component (AddParameter): Name = "Manufacturer"; Value = "STMicroelectronics"; VariantName = "[No Variations]"
Add component (AddParameter): Name = "Manufacturer Product Number"; Value = "NUCLEO-F103RB"; VariantName = "[No Variations]"
Add component (AddParameter): Name = "PART NO"; Value = "NUCLEO-F103RB"; VariantName = "[No Variations]"
Add component (AddParameter): Name = "STOCK CODE"; Value = "497-14362-ND"; VariantName = "[No Variations]"
Add component (AddParameter): Name = "SUPPLIER"; Value = "digi-key"; VariantName = "[No Variations]"
Add component (AddParameter): Name = "TYPE"; Value = "EVAL BRD"; VariantName = "[No Variations]"
Added Pin To Net: NetName=GND Pin=U1-A5_7
Added Pin To Net: NetName=+5V Pin=U1-A6_5
Added Pin To Net: NetName=NetU1_A6_6 Pin=U1-A6_6
Added Pin To Net: NetName=NetU1_A6_6 Pin=U1-A6_7
Added Pin To Net: NetName=GND Pin=U1-M7_8
Added Pin To Net: NetName=SEG4 Pin=U1-M7_13
Added Pin To Net: NetName=SEG5 Pin=U1-M7_15
Added Pin To Net: NetName=SEG6 Pin=U1-M7_17
Added Pin To Net: NetName=+5V Pin=U1-M7_18
Added Pin To Net: NetName=GND Pin=U1-M7_19
Added Pin To Net: NetName=GND Pin=U1-M7_20
Added Pin To Net: NetName=EN3 Pin=U1-M7_21
Added Pin To Net: NetName=GND Pin=U1-M7_22
Added Pin To Net: NetName=LED_RED1 Pin=U1-M7_28
Added Pin To Net: NetName=LED_YELLOW1 Pin=U1-M7_30
Added Pin To Net: NetName=LED_YELLOW2 Pin=U1-M7_32
Added Pin To Net: NetName=BUTTON_0 Pin=U1-M7_34
Added Pin To Net: NetName=GND Pin=U1-M10_9
Added Pin To Net: NetName=LED_GREEN2 Pin=U1-M10_11
Added Pin To Net: NetName=SEG3 Pin=U1-M10_12
Added Pin To Net: NetName=SEG2 Pin=U1-M10_14
Added Pin To Net: NetName=EN2 Pin=U1-M10_17
Added Pin To Net: NetName=GND Pin=U1-M10_20
Added Pin To Net: NetName=SEG0 Pin=U1-M10_21
Added Pin To Net: NetName=BUTTON_2 Pin=U1-M10_22
Added Pin To Net: NetName=BUTTON_1 Pin=U1-M10_24
Added Pin To Net: NetName=EN0 Pin=U1-M10_27
Added Pin To Net: NetName=EN1 Pin=U1-M10_29
Added Pin To Net: NetName=BUTTON_3 Pin=U1-M10_31
Added Pin To Net: NetName=SEG1 Pin=U1-M10_33
Added Pin To Net: NetName=LED_GREEN1 Pin=U1-M10_35
Added Pin To Net: NetName=LED_RED2 Pin=U1-M10_37
Added Member To Class: ClassName=TrafficLight Member=Component U1 NUCLEO-F103RB
